<?xml version="1.0" encoding="UTF-8"?>
<!-- Generated by org.testng.reporters.JUnitReportReporter -->
<testsuite skipped="0" hostname="TSA" name="org.newframe.Amazon" tests="7" failures="0" timestamp="11 Feb 2022 02:12:54 GMT" time="406.277" errors="0">
  <testcase name="tc0" time="80.160" classname="org.newframe.Amazon"/>
  <testcase name="tc0" time="64.790" classname="org.newframe.Amazon"/>
  <testcase name="tc0" time="65.472" classname="org.newframe.Amazon"/>
  <testcase name="tc0" time="49.646" classname="org.newframe.Amazon"/>
  <testcase name="tc0" time="38.954" classname="org.newframe.Amazon"/>
  <testcase name="tc0" time="74.286" classname="org.newframe.Amazon"/>
  <testcase name="tc0" time="32.969" classname="org.newframe.Amazon"/>
</testsuite> <!-- org.newframe.Amazon -->
