<?xml version="1.0" encoding="UTF-8"?>
<!-- Generated by org.testng.reporters.JUnitReportReporter -->
<testsuite skipped="0" hostname="TSA" name="org.sample123.Sample2" tests="9" failures="0" timestamp="15 Mar 2022 05:48:46 GMT" time="0.046" errors="0">
  <testcase name="tc08" time="0.002" classname="org.sample123.Sample2"/>
  <testcase name="tc03" time="0.003" classname="org.sample123.Sample2"/>
  <testcase name="tc04" time="0.004" classname="org.sample123.Sample2"/>
  <testcase name="tc01" time="0.018" classname="org.sample123.Sample2"/>
  <testcase name="tc06" time="0.005" classname="org.sample123.Sample2"/>
  <testcase name="tc02" time="0.005" classname="org.sample123.Sample2"/>
  <testcase name="tc05" time="0.003" classname="org.sample123.Sample2"/>
  <testcase name="tc07" time="0.005" classname="org.sample123.Sample2"/>
  <testcase name="tc09" time="0.001" classname="org.sample123.Sample2"/>
</testsuite> <!-- org.sample123.Sample2 -->
