<?xml version="1.0" encoding="UTF-8"?>
<!-- Generated by org.testng.reporters.JUnitReportReporter -->
<testsuite skipped="0" hostname="TSA" name="org.sample123.SampleClass1" tests="2" failures="0" timestamp="11 Feb 2022 16:27:47 GMT" time="0.033" errors="0">
  <testcase name="tc01" time="0.026" classname="org.sample123.SampleClass1"/>
  <testcase name="tc02" time="0.007" classname="org.sample123.SampleClass1"/>
</testsuite> <!-- org.sample123.SampleClass1 -->
