<?xml version="1.0" encoding="UTF-8"?>
<!-- Generated by org.testng.reporters.JUnitReportReporter -->
<testsuite skipped="0" hostname="TSA" name="com.parallel.Parallel2" tests="2" failures="0" timestamp="05 Apr 2022 15:15:00 GMT" time="170.584" errors="0">
  <testcase name="test5" time="67.324" classname="com.parallel.Parallel2"/>
  <testcase name="test4" time="103.260" classname="com.parallel.Parallel2"/>
</testsuite> <!-- com.parallel.Parallel2 -->
