<?xml version="1.0" encoding="UTF-8"?>
<!-- Generated by org.testng.reporters.JUnitReportReporter -->
<testsuite skipped="0" hostname="TSA" name="org.properties.Adactin_Hotel" tests="1" failures="0" timestamp="26 May 2022 14:04:42 GMT" time="25.638" errors="0">
  <testcase name="adatin" time="25.638" classname="org.properties.Adactin_Hotel"/>
</testsuite> <!-- org.properties.Adactin_Hotel -->
