<?xml version="1.0" encoding="UTF-8"?>
<!-- Generated by org.testng.reporters.JUnitReportReporter -->
<testsuite skipped="0" hostname="TSA" name="com.gmail.Gmail_login" tests="1" failures="0" timestamp="07 May 2022 17:10:14 GMT" time="50.717" errors="0">
  <testcase name="test1" time="50.717" classname="com.gmail.Gmail_login"/>
</testsuite> <!-- com.gmail.Gmail_login -->
