<?xml version="1.0" encoding="UTF-8"?>
<!-- Generated by org.testng.reporters.JUnitReportReporter -->
<testsuite skipped="0" hostname="TSA" name="com.parallel.Parallel_excution" tests="3" failures="0" timestamp="05 Apr 2022 15:15:00 GMT" time="102.988" errors="0">
  <testcase name="test" time="29.813" classname="com.parallel.Parallel_excution"/>
  <testcase name="test2" time="25.714" classname="com.parallel.Parallel_excution"/>
  <testcase name="test3" time="47.461" classname="com.parallel.Parallel_excution"/>
</testsuite> <!-- com.parallel.Parallel_excution -->
